SF:lib/core/controller.dart
DA:38,7
DA:39,7
DA:41,2
DA:49,1
DA:50,1
DA:51,1
DA:54,0
DA:55,0
DA:56,0
DA:61,3
DA:62,3
DA:68,4
DA:70,4
DA:77,7
DA:80,21
DA:81,7
DA:82,7
DA:86,0
DA:92,1
DA:93,2
DA:99,0
DA:101,0
DA:102,0
DA:103,0
DA:105,0
DA:106,0
DA:107,0
DA:110,0
DA:114,1
DA:115,1
DA:116,1
DA:120,2
DA:121,2
DA:123,4
DA:125,4
DA:126,4
DA:129,4
DA:132,7
DA:134,7
LF:39
LH:27
end_of_record
SF:lib/core/disposable.dart
DA:7,0
DA:9,7
DA:12,7
DA:13,0
DA:15,14
DA:16,7
LF:6
LH:4
end_of_record
SF:lib/core/lifecycle.dart
DA:8,0
DA:10,0
DA:11,0
DA:12,0
DA:15,4
DA:17,8
DA:18,4
DA:19,4
DA:22,7
DA:24,14
DA:25,7
DA:26,7
DA:29,6
DA:31,12
DA:32,6
DA:33,6
DA:36,6
DA:39,0
DA:42,7
DA:45,15
DA:46,15
DA:47,0
LF:22
LH:16
end_of_record
SF:lib/core/store.dart
DA:23,21
DA:29,7
DA:31,6
DA:32,18
DA:34,4
DA:36,18
DA:37,0
DA:39,18
DA:43,5
DA:44,10
DA:47,0
DA:49,3
DA:54,7
DA:55,21
DA:57,3
DA:59,14
DA:60,6
DA:61,14
DA:65,0
DA:66,0
DA:69,0
DA:70,0
DA:73,0
DA:74,0
DA:77,6
DA:79,36
DA:80,12
DA:81,12
DA:82,2
LF:29
LH:21
end_of_record
SF:lib/widgets/provider.dart
DA:26,2
DA:33,2
DA:35,4
DA:38,2
DA:39,2
DA:47,2
DA:49,2
DA:50,4
DA:53,2
DA:54,6
DA:55,4
DA:56,2
DA:59,6
DA:60,4
DA:61,2
DA:65,2
DA:69,2
DA:71,2
DA:74,2
DA:76,2
DA:77,2
DA:78,2
DA:79,2
DA:81,4
DA:82,2
DA:83,2
DA:84,4
DA:96,1
DA:98,1
DA:99,1
DA:108,1
DA:110,1
DA:111,3
DA:112,3
DA:113,1
DA:114,2
DA:115,3
DA:117,2
DA:121,1
DA:123,2
DA:124,3
DA:126,1
DA:129,1
DA:131,1
DA:132,1
DA:133,1
DA:134,1
DA:135,4
DA:144,0
DA:153,0
DA:155,0
DA:156,0
DA:157,0
DA:158,0
DA:172,0
DA:179,0
DA:182,0
DA:183,0
DA:186,0
DA:188,0
DA:195,0
DA:197,0
DA:198,0
DA:201,0
DA:202,0
DA:203,0
DA:207,0
DA:209,0
DA:210,0
DA:211,0
DA:212,0
DA:213,0
DA:214,0
DA:215,0
DA:227,2
DA:232,0
DA:234,0
LF:77
LH:49
end_of_record
SF:lib/core/exceptions.dart
DA:3,0
DA:5,0
DA:6,0
DA:20,3
DA:22,1
DA:24,2
DA:28,0
DA:42,0
DA:44,0
DA:46,0
LF:10
LH:3
end_of_record
SF:lib/core/error_handler.dart
DA:6,1
DA:7,2
DA:9,1
DA:10,2
DA:11,1
DA:14,5
DA:16,1
DA:19,1
DA:21,1
DA:22,1
DA:24,0
DA:28,1
LF:12
LH:11
end_of_record
SF:lib/widgets/reign_builder.dart
DA:38,1
DA:49,1
DA:58,1
DA:59,1
DA:68,1
DA:70,1
DA:72,4
DA:73,3
DA:74,1
DA:76,1
DA:80,1
DA:82,2
DA:83,3
DA:84,2
DA:85,1
DA:86,4
DA:87,3
DA:90,1
DA:91,1
DA:92,3
DA:95,0
DA:96,0
DA:103,1
DA:104,1
DA:106,2
DA:107,3
DA:111,3
DA:112,3
DA:114,2
DA:115,2
DA:118,3
DA:119,3
DA:120,4
DA:121,2
DA:122,2
DA:128,1
DA:130,2
DA:131,3
DA:132,1
DA:133,2
DA:136,1
DA:139,1
DA:141,1
DA:142,0
DA:143,0
DA:145,0
DA:148,4
DA:150,2
DA:151,1
DA:152,2
LF:50
LH:45
end_of_record
SF:lib/widgets/async_builder.dart
DA:9,1
DA:17,1
DA:19,1
DA:20,2
DA:21,1
DA:22,2
DA:23,1
DA:25,1
DA:26,1
DA:27,3
DA:29,3
LF:11
LH:11
end_of_record
